2016-05-27 11:18:59 Notice: Notice (1024): Element Not Found: Elements/default.ctp in [/home/jussie4/igemmatch.org/lib/Cake/View/View.php, line 425]
Trace:
View::element() - CORE/Cake/View/View.php, line 425
FlashHelper::render() - CORE/Cake/View/Helper/FlashHelper.php, line 89
include - APP/View/Layouts/default.ctp, line 86
View::_evaluate() - CORE/Cake/View/View.php, line 971
View::_render() - CORE/Cake/View/View.php, line 933
View::renderLayout() - CORE/Cake/View/View.php, line 546
View::render() - CORE/Cake/View/View.php, line 481
Controller::render() - CORE/Cake/Controller/Controller.php, line 963
Dispatcher::_invoke() - CORE/Cake/Routing/Dispatcher.php, line 200
Dispatcher::dispatch() - CORE/Cake/Routing/Dispatcher.php, line 167
[main] - APP/webroot/index.php, line 111

2016-05-27 11:22:24 Notice: Notice (1024): Element Not Found: Elements/default.ctp in [/home/jussie4/igemmatch.org/lib/Cake/View/View.php, line 425]
Trace:
View::element() - CORE/Cake/View/View.php, line 425
FlashHelper::render() - CORE/Cake/View/Helper/FlashHelper.php, line 89
include - APP/View/Layouts/default.ctp, line 86
View::_evaluate() - CORE/Cake/View/View.php, line 971
View::_render() - CORE/Cake/View/View.php, line 933
View::renderLayout() - CORE/Cake/View/View.php, line 546
View::render() - CORE/Cake/View/View.php, line 481
Controller::render() - CORE/Cake/Controller/Controller.php, line 963
Dispatcher::_invoke() - CORE/Cake/Routing/Dispatcher.php, line 200
Dispatcher::dispatch() - CORE/Cake/Routing/Dispatcher.php, line 167
[main] - APP/webroot/index.php, line 111

2016-05-27 11:22:52 Notice: Notice (1024): Element Not Found: Elements/default.ctp in [/home/jussie4/igemmatch.org/lib/Cake/View/View.php, line 425]
Trace:
View::element() - CORE/Cake/View/View.php, line 425
FlashHelper::render() - CORE/Cake/View/Helper/FlashHelper.php, line 89
include - APP/View/Layouts/default.ctp, line 86
View::_evaluate() - CORE/Cake/View/View.php, line 971
View::_render() - CORE/Cake/View/View.php, line 933
View::renderLayout() - CORE/Cake/View/View.php, line 546
View::render() - CORE/Cake/View/View.php, line 481
Controller::render() - CORE/Cake/Controller/Controller.php, line 963
Dispatcher::_invoke() - CORE/Cake/Routing/Dispatcher.php, line 200
Dispatcher::dispatch() - CORE/Cake/Routing/Dispatcher.php, line 167
[main] - APP/webroot/index.php, line 111

2016-05-27 12:30:43 Notice: Notice (1024): Element Not Found: Elements/default.ctp in [/home/jussie4/igemmatch.org/lib/Cake/View/View.php, line 425]
Trace:
View::element() - CORE/Cake/View/View.php, line 425
FlashHelper::render() - CORE/Cake/View/Helper/FlashHelper.php, line 89
include - APP/View/Layouts/default.ctp, line 86
View::_evaluate() - CORE/Cake/View/View.php, line 971
View::_render() - CORE/Cake/View/View.php, line 933
View::renderLayout() - CORE/Cake/View/View.php, line 546
View::render() - CORE/Cake/View/View.php, line 481
Controller::render() - CORE/Cake/Controller/Controller.php, line 963
Dispatcher::_invoke() - CORE/Cake/Routing/Dispatcher.php, line 200
Dispatcher::dispatch() - CORE/Cake/Routing/Dispatcher.php, line 167
[main] - APP/webroot/index.php, line 111

2016-05-27 12:31:05 Notice: Notice (1024): Element Not Found: Elements/default.ctp in [/home/jussie4/igemmatch.org/lib/Cake/View/View.php, line 425]
Trace:
View::element() - CORE/Cake/View/View.php, line 425
FlashHelper::render() - CORE/Cake/View/Helper/FlashHelper.php, line 89
include - APP/View/Layouts/default.ctp, line 86
View::_evaluate() - CORE/Cake/View/View.php, line 971
View::_render() - CORE/Cake/View/View.php, line 933
View::renderLayout() - CORE/Cake/View/View.php, line 546
View::render() - CORE/Cake/View/View.php, line 481
Controller::render() - CORE/Cake/Controller/Controller.php, line 963
Dispatcher::_invoke() - CORE/Cake/Routing/Dispatcher.php, line 200
Dispatcher::dispatch() - CORE/Cake/Routing/Dispatcher.php, line 167
[main] - APP/webroot/index.php, line 111

2016-05-30 18:06:26 Notice: Notice (8): Undefined index: User in [/home/jussie4/igemmatch.org/app/Controller/UsersController.php, line 128]
Trace:
UsersController::login() - APP/Controller/UsersController.php, line 128
ReflectionMethod::invokeArgs() - [internal], line ??
Controller::invokeAction() - CORE/Cake/Controller/Controller.php, line 491
Dispatcher::_invoke() - CORE/Cake/Routing/Dispatcher.php, line 193
Dispatcher::dispatch() - CORE/Cake/Routing/Dispatcher.php, line 167
[main] - APP/webroot/index.php, line 111

2016-05-30 18:06:26 Notice: Notice (1024): Element Not Found: Elements/default.ctp in [/home/jussie4/igemmatch.org/lib/Cake/View/View.php, line 425]
Trace:
View::element() - CORE/Cake/View/View.php, line 425
FlashHelper::render() - CORE/Cake/View/Helper/FlashHelper.php, line 89
include - APP/View/Layouts/default.ctp, line 86
View::_evaluate() - CORE/Cake/View/View.php, line 971
View::_render() - CORE/Cake/View/View.php, line 933
View::renderLayout() - CORE/Cake/View/View.php, line 546
View::render() - CORE/Cake/View/View.php, line 481
Controller::render() - CORE/Cake/Controller/Controller.php, line 963
Dispatcher::_invoke() - CORE/Cake/Routing/Dispatcher.php, line 200
Dispatcher::dispatch() - CORE/Cake/Routing/Dispatcher.php, line 167
[main] - APP/webroot/index.php, line 111

2016-05-30 18:06:50 Notice: Notice (8): Undefined index: User in [/home/jussie4/igemmatch.org/app/Controller/UsersController.php, line 128]
Trace:
UsersController::login() - APP/Controller/UsersController.php, line 128
ReflectionMethod::invokeArgs() - [internal], line ??
Controller::invokeAction() - CORE/Cake/Controller/Controller.php, line 491
Dispatcher::_invoke() - CORE/Cake/Routing/Dispatcher.php, line 193
Dispatcher::dispatch() - CORE/Cake/Routing/Dispatcher.php, line 167
[main] - APP/webroot/index.php, line 111

2016-05-30 18:06:50 Notice: Notice (1024): Element Not Found: Elements/default.ctp in [/home/jussie4/igemmatch.org/lib/Cake/View/View.php, line 425]
Trace:
View::element() - CORE/Cake/View/View.php, line 425
FlashHelper::render() - CORE/Cake/View/Helper/FlashHelper.php, line 89
include - APP/View/Layouts/default.ctp, line 86
View::_evaluate() - CORE/Cake/View/View.php, line 971
View::_render() - CORE/Cake/View/View.php, line 933
View::renderLayout() - CORE/Cake/View/View.php, line 546
View::render() - CORE/Cake/View/View.php, line 481
Controller::render() - CORE/Cake/Controller/Controller.php, line 963
Dispatcher::_invoke() - CORE/Cake/Routing/Dispatcher.php, line 200
Dispatcher::dispatch() - CORE/Cake/Routing/Dispatcher.php, line 167
[main] - APP/webroot/index.php, line 111

2016-05-31 14:02:12 Notice: Notice (1024): Element Not Found: Elements/default.ctp in [/home/jussie4/igemmatch.org/lib/Cake/View/View.php, line 425]
Trace:
View::element() - CORE/Cake/View/View.php, line 425
FlashHelper::render() - CORE/Cake/View/Helper/FlashHelper.php, line 89
include - APP/View/Layouts/default.ctp, line 86
View::_evaluate() - CORE/Cake/View/View.php, line 971
View::_render() - CORE/Cake/View/View.php, line 933
View::renderLayout() - CORE/Cake/View/View.php, line 546
View::render() - CORE/Cake/View/View.php, line 481
Controller::render() - CORE/Cake/Controller/Controller.php, line 963
Dispatcher::_invoke() - CORE/Cake/Routing/Dispatcher.php, line 200
Dispatcher::dispatch() - CORE/Cake/Routing/Dispatcher.php, line 167
[main] - APP/webroot/index.php, line 111

2016-05-31 14:07:20 Notice: Notice (1024): Element Not Found: Elements/default.ctp in [/home/jussie4/igemmatch.org/lib/Cake/View/View.php, line 425]
Trace:
View::element() - CORE/Cake/View/View.php, line 425
FlashHelper::render() - CORE/Cake/View/Helper/FlashHelper.php, line 89
include - APP/View/Layouts/default.ctp, line 86
View::_evaluate() - CORE/Cake/View/View.php, line 971
View::_render() - CORE/Cake/View/View.php, line 933
View::renderLayout() - CORE/Cake/View/View.php, line 546
View::render() - CORE/Cake/View/View.php, line 481
Controller::render() - CORE/Cake/Controller/Controller.php, line 963
Dispatcher::_invoke() - CORE/Cake/Routing/Dispatcher.php, line 200
Dispatcher::dispatch() - CORE/Cake/Routing/Dispatcher.php, line 167
[main] - APP/webroot/index.php, line 111

