2016-06-04 13:32:02 Error: [NotFoundException] Not Found
Request URL: /
Stack Trace:
#0 /home/jussie4/igemmatch.org/lib/Cake/View/View.php(971): include()
#1 /home/jussie4/igemmatch.org/lib/Cake/View/View.php(933): View->_evaluate('/home/jussie4/i...', Array)
#2 /home/jussie4/igemmatch.org/lib/Cake/View/View.php(473): View->_render('/home/jussie4/i...')
#3 /home/jussie4/igemmatch.org/lib/Cake/Controller/Controller.php(963): View->render('home', NULL)
#4 /home/jussie4/igemmatch.org/app/Controller/PagesController.php(68): Controller->render('home')
#5 [internal function]: PagesController->display('home')
#6 /home/jussie4/igemmatch.org/lib/Cake/Controller/Controller.php(491): ReflectionMethod->invokeArgs(Object(PagesController), Array)
#7 /home/jussie4/igemmatch.org/lib/Cake/Routing/Dispatcher.php(193): Controller->invokeAction(Object(CakeRequest))
#8 /home/jussie4/igemmatch.org/lib/Cake/Routing/Dispatcher.php(167): Dispatcher->_invoke(Object(PagesController), Object(CakeRequest))
#9 /home/jussie4/igemmatch.org/app/webroot/index.php(111): Dispatcher->dispatch(Object(CakeRequest), Object(CakeResponse))
#10 {main}
2016-06-04 13:32:06 Error: [NotFoundException] Not Found
Request URL: /
Stack Trace:
#0 /home/jussie4/igemmatch.org/lib/Cake/View/View.php(971): include()
#1 /home/jussie4/igemmatch.org/lib/Cake/View/View.php(933): View->_evaluate('/home/jussie4/i...', Array)
#2 /home/jussie4/igemmatch.org/lib/Cake/View/View.php(473): View->_render('/home/jussie4/i...')
#3 /home/jussie4/igemmatch.org/lib/Cake/Controller/Controller.php(963): View->render('home', NULL)
#4 /home/jussie4/igemmatch.org/app/Controller/PagesController.php(68): Controller->render('home')
#5 [internal function]: PagesController->display('home')
#6 /home/jussie4/igemmatch.org/lib/Cake/Controller/Controller.php(491): ReflectionMethod->invokeArgs(Object(PagesController), Array)
#7 /home/jussie4/igemmatch.org/lib/Cake/Routing/Dispatcher.php(193): Controller->invokeAction(Object(CakeRequest))
#8 /home/jussie4/igemmatch.org/lib/Cake/Routing/Dispatcher.php(167): Dispatcher->_invoke(Object(PagesController), Object(CakeRequest))
#9 /home/jussie4/igemmatch.org/app/webroot/index.php(111): Dispatcher->dispatch(Object(CakeRequest), Object(CakeResponse))
#10 {main}
2016-06-04 13:32:09 Error: [NotFoundException] Not Found
Request URL: /
Stack Trace:
#0 /home/jussie4/igemmatch.org/lib/Cake/View/View.php(971): include()
#1 /home/jussie4/igemmatch.org/lib/Cake/View/View.php(933): View->_evaluate('/home/jussie4/i...', Array)
#2 /home/jussie4/igemmatch.org/lib/Cake/View/View.php(473): View->_render('/home/jussie4/i...')
#3 /home/jussie4/igemmatch.org/lib/Cake/Controller/Controller.php(963): View->render('home', NULL)
#4 /home/jussie4/igemmatch.org/app/Controller/PagesController.php(68): Controller->render('home')
#5 [internal function]: PagesController->display('home')
#6 /home/jussie4/igemmatch.org/lib/Cake/Controller/Controller.php(491): ReflectionMethod->invokeArgs(Object(PagesController), Array)
#7 /home/jussie4/igemmatch.org/lib/Cake/Routing/Dispatcher.php(193): Controller->invokeAction(Object(CakeRequest))
#8 /home/jussie4/igemmatch.org/lib/Cake/Routing/Dispatcher.php(167): Dispatcher->_invoke(Object(PagesController), Object(CakeRequest))
#9 /home/jussie4/igemmatch.org/app/webroot/index.php(111): Dispatcher->dispatch(Object(CakeRequest), Object(CakeResponse))
#10 {main}
2016-06-04 13:56:28 Error: [PDOException] SQLSTATE[42S22]: Column not found: 1054 Unknown column 'Keyword.id' in 'field list'
Request URL: /keywords/add
Stack Trace:
#0 /home/jussie4/igemmatch.org/lib/Cake/Model/Datasource/DboSource.php(461): PDOStatement->execute(Array)
#1 /home/jussie4/igemmatch.org/lib/Cake/Model/Datasource/DboSource.php(427): DboSource->_execute('SELECT `Keyword...', Array)
#2 /home/jussie4/igemmatch.org/lib/Cake/Model/Datasource/DboSource.php(664): DboSource->execute('SELECT `Keyword...', Array, Array)
#3 /home/jussie4/igemmatch.org/lib/Cake/Model/Datasource/DboSource.php(1113): DboSource->fetchAll('SELECT `Keyword...', false)
#4 /home/jussie4/igemmatch.org/lib/Cake/Model/Model.php(3031): DboSource->read(Object(Keyword), Array)
#5 /home/jussie4/igemmatch.org/lib/Cake/Model/Model.php(3003): Model->_readDataSource('list', Array)
#6 /home/jussie4/igemmatch.org/app/Controller/KeywordsController.php(58): Model->find('list')
#7 [internal function]: KeywordsController->add()
#8 /home/jussie4/igemmatch.org/lib/Cake/Controller/Controller.php(491): ReflectionMethod->invokeArgs(Object(KeywordsController), Array)
#9 /home/jussie4/igemmatch.org/lib/Cake/Routing/Dispatcher.php(193): Controller->invokeAction(Object(CakeRequest))
#10 /home/jussie4/igemmatch.org/lib/Cake/Routing/Dispatcher.php(167): Dispatcher->_invoke(Object(KeywordsController), Object(CakeRequest))
#11 /home/jussie4/igemmatch.org/app/webroot/index.php(111): Dispatcher->dispatch(Object(CakeRequest), Object(CakeResponse))
#12 {main}
